<?xml version="1.0" encoding="UTF-8"?>
<testng-results skipped="0" failed="0" ignored="0" total="2" passed="2">
  <reporter-output>
  </reporter-output>
  <suite name="Surefire suite" duration-ms="60" started-at="2019-03-27T05:21:43Z" finished-at="2019-03-27T05:21:43Z">
    <groups>
    </groups>
    <test name="Surefire test" duration-ms="60" started-at="2019-03-27T05:21:43Z" finished-at="2019-03-27T05:21:43Z">
      <class name="com.Flexon.project.TestCalc2">
        <test-method status="PASS" signature="beforeTheTest()[pri:0, instance:com.Flexon.project.TestCalc2@39ba5a14]" name="beforeTheTest" is-config="true" duration-ms="23" started-at="2019-03-27T05:21:43Z" finished-at="2019-03-27T05:21:43Z">
          <reporter-output>
          </reporter-output>
        </test-method> <!-- beforeTheTest -->
        <test-method status="PASS" signature="beforeTheMethod()[pri:0, instance:com.Flexon.project.TestCalc2@39ba5a14]" name="beforeTheMethod" is-config="true" duration-ms="0" started-at="2019-03-27T05:21:43Z" finished-at="2019-03-27T05:21:43Z">
          <reporter-output>
          </reporter-output>
        </test-method> <!-- beforeTheMethod -->
        <test-method status="PASS" signature="testSum2()[pri:0, instance:com.Flexon.project.TestCalc2@39ba5a14]" name="testSum2" duration-ms="4" started-at="2019-03-27T05:21:43Z" finished-at="2019-03-27T05:21:43Z">
          <reporter-output>
          </reporter-output>
        </test-method> <!-- testSum2 -->
        <test-method status="PASS" signature="testSum3()[pri:0, instance:com.Flexon.project.TestCalc2@39ba5a14]" name="testSum3" duration-ms="0" started-at="2019-03-27T05:21:43Z" finished-at="2019-03-27T05:21:43Z">
          <reporter-output>
          </reporter-output>
        </test-method> <!-- testSum3 -->
        <test-method status="PASS" signature="beforeTheMethod()[pri:0, instance:com.Flexon.project.TestCalc2@39ba5a14]" name="beforeTheMethod" is-config="true" duration-ms="0" started-at="2019-03-27T05:21:43Z" finished-at="2019-03-27T05:21:43Z">
          <reporter-output>
          </reporter-output>
        </test-method> <!-- beforeTheMethod -->
        <test-method status="PASS" signature="afterTheTest()[pri:0, instance:com.Flexon.project.TestCalc2@39ba5a14]" name="afterTheTest" is-config="true" duration-ms="0" started-at="2019-03-27T05:21:43Z" finished-at="2019-03-27T05:21:43Z">
          <reporter-output>
          </reporter-output>
        </test-method> <!-- afterTheTest -->
      </class> <!-- com.Flexon.project.TestCalc2 -->
    </test> <!-- Surefire test -->
  </suite> <!-- Surefire suite -->
</testng-results>
